This file contains any messages produced by compilers while
running configure, to aid debugging if configure makes a mistake.

It was created by libgram configure 1.0, which was
generated by GNU Autoconf 2.68.  Invocation command line was

  $ ./configure --prefix=/usr

## --------- ##
## Platform. ##
## --------- ##

hostname = fedora16
uname -m = i686
uname -r = 3.2.9-1.fc16.i686
uname -s = Linux
uname -v = #1 SMP Thu Mar 1 01:58:05 UTC 2012

/usr/bin/uname -p = unknown
/bin/uname -X     = unknown

/bin/arch              = i686
/usr/bin/arch -k       = unknown
/usr/convex/getsysinfo = unknown
/usr/bin/hostinfo      = unknown
/bin/machine           = unknown
/usr/bin/oslevel       = unknown
/bin/universe          = unknown

PATH: /usr/local/bin
PATH: /usr/bin
PATH: /bin
PATH: /usr/local/sbin
PATH: /usr/sbin
PATH: /sbin
PATH: /home/fedora/.local/bin
PATH: /home/fedora/bin


## ----------- ##
## Core tests. ##
## ----------- ##

configure:2375: checking build system type
configure:2389: result: i686-pc-linux-gnu
configure:2409: checking host system type
configure:2422: result: i686-pc-linux-gnu
configure:2463: checking how to print strings
configure:2490: result: printf
configure:2559: checking for gcc
configure:2575: found /usr/bin/gcc
configure:2586: result: gcc
configure:2815: checking for C compiler version
configure:2824: gcc --version >&5
gcc (GCC) 4.6.2 20111027 (Red Hat 4.6.2-1)
Copyright (C) 2011 Free Software Foundation, Inc.
This is free software; see the source for copying conditions.  There is NO
warranty; not even for MERCHANTABILITY or FITNESS FOR A PARTICULAR PURPOSE.

configure:2835: $? = 0
configure:2824: gcc -v >&5
Using built-in specs.
COLLECT_GCC=gcc
COLLECT_LTO_WRAPPER=/usr/libexec/gcc/i686-redhat-linux/4.6.2/lto-wrapper
Target: i686-redhat-linux
Configured with: ../configure --prefix=/usr --mandir=/usr/share/man --infodir=/usr/share/info --with-bugurl=http://bugzilla.redhat.com/bugzilla --enable-bootstrap --enable-shared --enable-threads=posix --enable-checking=release --with-system-zlib --enable-__cxa_atexit --disable-libunwind-exceptions --enable-gnu-unique-object --enable-linker-build-id --enable-languages=c,c++,objc,obj-c++,java,fortran,ada,go,lto --enable-plugin --enable-java-awt=gtk --disable-dssi --with-java-home=/usr/lib/jvm/java-1.5.0-gcj-1.5.0.0/jre --enable-libgcj-multifile --enable-java-maintainer-mode --with-ecj-jar=/usr/share/java/eclipse-ecj.jar --disable-libjava-multilib --with-ppl --with-cloog --with-tune=generic --with-arch=i686 --build=i686-redhat-linux
Thread model: posix
gcc version 4.6.2 20111027 (Red Hat 4.6.2-1) (GCC) 
configure:2835: $? = 0
configure:2824: gcc -V >&5
gcc: error: unrecognized option '-V'
gcc: fatal error: no input files
compilation terminated.
configure:2835: $? = 4
configure:2824: gcc -qversion >&5
gcc: error: unrecognized option '-qversion'
gcc: fatal error: no input files
compilation terminated.
configure:2835: $? = 4
configure:2855: checking whether the C compiler works
configure:2877: gcc  -std=c++0x  conftest.c  >&5
cc1: warning: command line option '-std=c++0x' is valid for C++/ObjC++ but not for C [enabled by default]
configure:2881: $? = 0
configure:2929: result: yes
configure:2932: checking for C compiler default output file name
configure:2934: result: a.out
configure:2940: checking for suffix of executables
configure:2947: gcc -o conftest  -std=c++0x  conftest.c  >&5
cc1: warning: command line option '-std=c++0x' is valid for C++/ObjC++ but not for C [enabled by default]
configure:2951: $? = 0
configure:2973: result: 
configure:2995: checking whether we are cross compiling
configure:3003: gcc -o conftest  -std=c++0x  conftest.c  >&5
cc1: warning: command line option '-std=c++0x' is valid for C++/ObjC++ but not for C [enabled by default]
configure:3007: $? = 0
configure:3014: ./conftest
configure:3018: $? = 0
configure:3033: result: no
configure:3038: checking for suffix of object files
configure:3060: gcc -c  -std=c++0x conftest.c >&5
cc1: warning: command line option '-std=c++0x' is valid for C++/ObjC++ but not for C [enabled by default]
configure:3064: $? = 0
configure:3085: result: o
configure:3089: checking whether we are using the GNU C compiler
configure:3108: gcc -c  -std=c++0x conftest.c >&5
cc1: warning: command line option '-std=c++0x' is valid for C++/ObjC++ but not for C [enabled by default]
configure:3108: $? = 0
configure:3117: result: yes
configure:3126: checking whether gcc accepts -g
configure:3146: gcc -c -g -std=c++0x conftest.c >&5
cc1: warning: command line option '-std=c++0x' is valid for C++/ObjC++ but not for C [enabled by default]
configure:3146: $? = 0
configure: failed program was:
| /* confdefs.h */
| #define PACKAGE_NAME "libgram"
| #define PACKAGE_TARNAME "libgram"
| #define PACKAGE_VERSION "1.0"
| #define PACKAGE_STRING "libgram 1.0"
| #define PACKAGE_BUGREPORT "http://www.jovislab.com/gramd"
| #define PACKAGE_URL ""
| /* end confdefs.h.  */
| 
| int
| main ()
| {
| 
|   ;
|   return 0;
| }
configure:3161: gcc -c  -std=c++0x conftest.c >&5
cc1: warning: command line option '-std=c++0x' is valid for C++/ObjC++ but not for C [enabled by default]
configure:3161: $? = 0
configure: failed program was:
| /* confdefs.h */
| #define PACKAGE_NAME "libgram"
| #define PACKAGE_TARNAME "libgram"
| #define PACKAGE_VERSION "1.0"
| #define PACKAGE_STRING "libgram 1.0"
| #define PACKAGE_BUGREPORT "http://www.jovislab.com/gramd"
| #define PACKAGE_URL ""
| /* end confdefs.h.  */
| 
| int
| main ()
| {
| 
|   ;
|   return 0;
| }
configure:3177: gcc -c -g -std=c++0x conftest.c >&5
cc1: warning: command line option '-std=c++0x' is valid for C++/ObjC++ but not for C [enabled by default]
configure:3177: $? = 0
configure:3187: result: yes
configure:3204: checking for gcc option to accept ISO C89
configure:3268: gcc  -c -g -O2 -std=c++0x conftest.c >&5
cc1: warning: command line option '-std=c++0x' is valid for C++/ObjC++ but not for C [enabled by default]
configure:3268: $? = 0
configure:3281: result: none needed
configure:3301: checking for a sed that does not truncate output
configure:3365: result: /bin/sed
configure:3383: checking for grep that handles long lines and -e
configure:3441: result: /bin/grep
configure:3446: checking for egrep
configure:3508: result: /bin/grep -E
configure:3513: checking for fgrep
configure:3575: result: /bin/grep -F
configure:3610: checking for ld used by gcc
configure:3677: result: /usr/bin/ld
configure:3684: checking if the linker (/usr/bin/ld) is GNU ld
configure:3699: result: yes
configure:3711: checking for BSD- or MS-compatible name lister (nm)
configure:3760: result: /usr/bin/nm -B
configure:3890: checking the name lister (/usr/bin/nm -B) interface
configure:3897: gcc -c -g -O2 -std=c++0x conftest.c >&5
cc1: warning: command line option '-std=c++0x' is valid for C++/ObjC++ but not for C [enabled by default]
configure:3900: /usr/bin/nm -B "conftest.o"
configure:3903: output
00000000 B some_variable
configure:3910: result: BSD nm
configure:3913: checking whether ln -s works
configure:3917: result: yes
configure:3925: checking the maximum length of command line arguments
configure:4050: result: 1572864
configure:4067: checking whether the shell understands some XSI constructs
configure:4077: result: yes
configure:4081: checking whether the shell understands "+="
configure:4087: result: yes
configure:4122: checking how to convert i686-pc-linux-gnu file names to i686-pc-linux-gnu format
configure:4162: result: func_convert_file_noop
configure:4169: checking how to convert i686-pc-linux-gnu file names to toolchain format
configure:4189: result: func_convert_file_noop
configure:4196: checking for /usr/bin/ld option to reload object files
configure:4203: result: -r
configure:4277: checking for objdump
configure:4293: found /usr/bin/objdump
configure:4304: result: objdump
configure:4336: checking how to recognize dependent libraries
configure:4538: result: pass_all
configure:4623: checking for dlltool
configure:4653: result: no
configure:4683: checking how to associate runtime and link libraries
configure:4710: result: printf %s\n
configure:4771: checking for ar
configure:4787: found /usr/bin/ar
configure:4798: result: ar
configure:4835: checking for archiver @FILE support
configure:4852: gcc -c -g -O2 -std=c++0x conftest.c >&5
cc1: warning: command line option '-std=c++0x' is valid for C++/ObjC++ but not for C [enabled by default]
configure:4852: $? = 0
configure:4855: ar cru libconftest.a @conftest.lst >&5
configure:4858: $? = 0
configure:4863: ar cru libconftest.a @conftest.lst >&5
ar: conftest.o: No such file or directory
configure:4866: $? = 1
configure:4878: result: @
configure:4936: checking for strip
configure:4952: found /usr/bin/strip
configure:4963: result: strip
configure:5035: checking for ranlib
configure:5051: found /usr/bin/ranlib
configure:5062: result: ranlib
configure:5139: checking for gawk
configure:5155: found /usr/bin/gawk
configure:5166: result: gawk
configure:5206: checking command to parse /usr/bin/nm -B output from gcc object
configure:5325: gcc -c -g -O2 -std=c++0x conftest.c >&5
cc1: warning: command line option '-std=c++0x' is valid for C++/ObjC++ but not for C [enabled by default]
configure:5328: $? = 0
configure:5332: /usr/bin/nm -B conftest.o \| sed -n -e 's/^.*[ ]\([ABCDGIRSTW][ABCDGIRSTW]*\)[ ][ ]*\([_A-Za-z][_A-Za-z0-9]*\)$/\1 \2 \2/p' | sed '/ __gnu_lto/d' \> conftest.nm
configure:5335: $? = 0
configure:5401: gcc -o conftest -g -O2 -std=c++0x  conftest.c conftstm.o >&5
cc1: warning: command line option '-std=c++0x' is valid for C++/ObjC++ but not for C [enabled by default]
configure:5404: $? = 0
configure:5442: result: ok
configure:5479: checking for sysroot
configure:5509: result: no
configure:5752: checking for mt
configure:5782: result: no
configure:5802: checking if : is a manifest tool
configure:5808: : '-?'
configure:5816: result: no
configure:6448: checking how to run the C preprocessor
configure:6479: gcc -E -std=c++0x conftest.c
cc1: warning: command line option '-std=c++0x' is valid for C++/ObjC++ but not for C [enabled by default]
configure:6479: $? = 0
configure:6493: gcc -E -std=c++0x conftest.c
cc1: warning: command line option '-std=c++0x' is valid for C++/ObjC++ but not for C [enabled by default]
conftest.c:9:28: fatal error: ac_nonexistent.h: No such file or directory
compilation terminated.
configure:6493: $? = 1
configure: failed program was:
| /* confdefs.h */
| #define PACKAGE_NAME "libgram"
| #define PACKAGE_TARNAME "libgram"
| #define PACKAGE_VERSION "1.0"
| #define PACKAGE_STRING "libgram 1.0"
| #define PACKAGE_BUGREPORT "http://www.jovislab.com/gramd"
| #define PACKAGE_URL ""
| /* end confdefs.h.  */
| #include <ac_nonexistent.h>
configure:6518: result: gcc -E
configure:6538: gcc -E -std=c++0x conftest.c
cc1: warning: command line option '-std=c++0x' is valid for C++/ObjC++ but not for C [enabled by default]
configure:6538: $? = 0
configure:6552: gcc -E -std=c++0x conftest.c
cc1: warning: command line option '-std=c++0x' is valid for C++/ObjC++ but not for C [enabled by default]
conftest.c:9:28: fatal error: ac_nonexistent.h: No such file or directory
compilation terminated.
configure:6552: $? = 1
configure: failed program was:
| /* confdefs.h */
| #define PACKAGE_NAME "libgram"
| #define PACKAGE_TARNAME "libgram"
| #define PACKAGE_VERSION "1.0"
| #define PACKAGE_STRING "libgram 1.0"
| #define PACKAGE_BUGREPORT "http://www.jovislab.com/gramd"
| #define PACKAGE_URL ""
| /* end confdefs.h.  */
| #include <ac_nonexistent.h>
configure:6581: checking for ANSI C header files
configure:6601: gcc -c -g -O2 -std=c++0x conftest.c >&5
cc1: warning: command line option '-std=c++0x' is valid for C++/ObjC++ but not for C [enabled by default]
configure:6601: $? = 0
cc1: warning: command line option '-std=c++0x' is valid for C++/ObjC++ but not for C [enabled by default]
cc1: warning: command line option '-std=c++0x' is valid for C++/ObjC++ but not for C [enabled by default]
configure:6674: gcc -o conftest -g -O2 -std=c++0x  conftest.c  >&5
cc1: warning: command line option '-std=c++0x' is valid for C++/ObjC++ but not for C [enabled by default]
configure:6674: $? = 0
configure:6674: ./conftest
configure:6674: $? = 0
configure:6685: result: yes
configure:6698: checking for sys/types.h
configure:6698: gcc -c -g -O2 -std=c++0x conftest.c >&5
cc1: warning: command line option '-std=c++0x' is valid for C++/ObjC++ but not for C [enabled by default]
configure:6698: $? = 0
configure:6698: result: yes
configure:6698: checking for sys/stat.h
configure:6698: gcc -c -g -O2 -std=c++0x conftest.c >&5
cc1: warning: command line option '-std=c++0x' is valid for C++/ObjC++ but not for C [enabled by default]
configure:6698: $? = 0
configure:6698: result: yes
configure:6698: checking for stdlib.h
configure:6698: gcc -c -g -O2 -std=c++0x conftest.c >&5
cc1: warning: command line option '-std=c++0x' is valid for C++/ObjC++ but not for C [enabled by default]
configure:6698: $? = 0
configure:6698: result: yes
configure:6698: checking for string.h
configure:6698: gcc -c -g -O2 -std=c++0x conftest.c >&5
cc1: warning: command line option '-std=c++0x' is valid for C++/ObjC++ but not for C [enabled by default]
configure:6698: $? = 0
configure:6698: result: yes
configure:6698: checking for memory.h
configure:6698: gcc -c -g -O2 -std=c++0x conftest.c >&5
cc1: warning: command line option '-std=c++0x' is valid for C++/ObjC++ but not for C [enabled by default]
configure:6698: $? = 0
configure:6698: result: yes
configure:6698: checking for strings.h
configure:6698: gcc -c -g -O2 -std=c++0x conftest.c >&5
cc1: warning: command line option '-std=c++0x' is valid for C++/ObjC++ but not for C [enabled by default]
configure:6698: $? = 0
configure:6698: result: yes
configure:6698: checking for inttypes.h
configure:6698: gcc -c -g -O2 -std=c++0x conftest.c >&5
cc1: warning: command line option '-std=c++0x' is valid for C++/ObjC++ but not for C [enabled by default]
configure:6698: $? = 0
configure:6698: result: yes
configure:6698: checking for stdint.h
configure:6698: gcc -c -g -O2 -std=c++0x conftest.c >&5
cc1: warning: command line option '-std=c++0x' is valid for C++/ObjC++ but not for C [enabled by default]
configure:6698: $? = 0
configure:6698: result: yes
configure:6698: checking for unistd.h
configure:6698: gcc -c -g -O2 -std=c++0x conftest.c >&5
cc1: warning: command line option '-std=c++0x' is valid for C++/ObjC++ but not for C [enabled by default]
configure:6698: $? = 0
configure:6698: result: yes
configure:6712: checking for dlfcn.h
configure:6712: gcc -c -g -O2 -std=c++0x conftest.c >&5
cc1: warning: command line option '-std=c++0x' is valid for C++/ObjC++ but not for C [enabled by default]
configure:6712: $? = 0
configure:6712: result: yes
configure:6899: checking for objdir
configure:6914: result: .libs
configure:7181: checking if gcc supports -fno-rtti -fno-exceptions
configure:7199: gcc -c -g -O2 -std=c++0x -fno-rtti -fno-exceptions conftest.c >&5
cc1: warning: command line option '-std=c++0x' is valid for C++/ObjC++ but not for C [enabled by default]
cc1: warning: command line option '-fno-rtti' is valid for C++/ObjC++ but not for C [enabled by default]
configure:7203: $? = 0
configure:7216: result: no
configure:7526: checking for gcc option to produce PIC
configure:7533: result: -fPIC -DPIC
configure:7541: checking if gcc PIC flag -fPIC -DPIC works
configure:7559: gcc -c -g -O2 -std=c++0x -fPIC -DPIC -DPIC conftest.c >&5
cc1: warning: command line option '-std=c++0x' is valid for C++/ObjC++ but not for C [enabled by default]
configure:7563: $? = 0
configure:7576: result: yes
configure:7605: checking if gcc static flag -static works
configure:7633: result: no
configure:7648: checking if gcc supports -c -o file.o
configure:7669: gcc -c -g -O2 -std=c++0x -o out/conftest2.o conftest.c >&5
cc1: warning: command line option '-std=c++0x' is valid for C++/ObjC++ but not for C [enabled by default]
configure:7673: $? = 0
configure:7695: result: yes
configure:7703: checking if gcc supports -c -o file.o
configure:7750: result: yes
configure:7783: checking whether the gcc linker (/usr/bin/ld) supports shared libraries
configure:8941: result: yes
configure:8978: checking whether -lc should be explicitly linked in
configure:8986: gcc -c -g -O2 -std=c++0x conftest.c >&5
cc1: warning: command line option '-std=c++0x' is valid for C++/ObjC++ but not for C [enabled by default]
configure:8989: $? = 0
configure:9004: gcc -shared  -fPIC -DPIC conftest.o  -v -Wl,-soname -Wl,conftest -o conftest 2\>\&1 \| /bin/grep  -lc  \>/dev/null 2\>\&1
configure:9007: $? = 0
configure:9021: result: no
configure:9186: checking dynamic linker characteristics
configure:9700: gcc -o conftest -g -O2 -std=c++0x  -Wl,-rpath -Wl,/foo conftest.c  >&5
cc1: warning: command line option '-std=c++0x' is valid for C++/ObjC++ but not for C [enabled by default]
configure:9700: $? = 0
configure:9926: result: GNU/Linux ld.so
configure:10033: checking how to hardcode library paths into programs
configure:10058: result: immediate
configure:10598: checking whether stripping libraries is possible
configure:10603: result: yes
configure:10638: checking if libtool supports shared libraries
configure:10640: result: yes
configure:10643: checking whether to build shared libraries
configure:10664: result: yes
configure:10667: checking whether to build static libraries
configure:10671: result: yes
configure:10707: checking target system type
configure:10720: result: i686-pc-linux-gnu
configure:10763: checking for a BSD-compatible install
configure:10831: result: /usr/bin/install -c
configure:10842: checking whether build environment is sane
configure:10892: result: yes
configure:11033: checking for a thread-safe mkdir -p
configure:11072: result: /bin/mkdir -p
configure:11081: checking whether make sets $(MAKE)
configure:11103: result: yes
configure:11133: checking for style of include used by make
configure:11161: result: GNU
configure:11246: checking dependency style of gcc
configure:11356: result: none
configure:11431: checking for g++
configure:11447: found /usr/bin/g++
configure:11458: result: g++
configure:11485: checking for C++ compiler version
configure:11494: g++ --version >&5
g++ (GCC) 4.6.2 20111027 (Red Hat 4.6.2-1)
Copyright (C) 2011 Free Software Foundation, Inc.
This is free software; see the source for copying conditions.  There is NO
warranty; not even for MERCHANTABILITY or FITNESS FOR A PARTICULAR PURPOSE.

configure:11505: $? = 0
configure:11494: g++ -v >&5
Using built-in specs.
COLLECT_GCC=g++
COLLECT_LTO_WRAPPER=/usr/libexec/gcc/i686-redhat-linux/4.6.2/lto-wrapper
Target: i686-redhat-linux
Configured with: ../configure --prefix=/usr --mandir=/usr/share/man --infodir=/usr/share/info --with-bugurl=http://bugzilla.redhat.com/bugzilla --enable-bootstrap --enable-shared --enable-threads=posix --enable-checking=release --with-system-zlib --enable-__cxa_atexit --disable-libunwind-exceptions --enable-gnu-unique-object --enable-linker-build-id --enable-languages=c,c++,objc,obj-c++,java,fortran,ada,go,lto --enable-plugin --enable-java-awt=gtk --disable-dssi --with-java-home=/usr/lib/jvm/java-1.5.0-gcj-1.5.0.0/jre --enable-libgcj-multifile --enable-java-maintainer-mode --with-ecj-jar=/usr/share/java/eclipse-ecj.jar --disable-libjava-multilib --with-ppl --with-cloog --with-tune=generic --with-arch=i686 --build=i686-redhat-linux
Thread model: posix
gcc version 4.6.2 20111027 (Red Hat 4.6.2-1) (GCC) 
configure:11505: $? = 0
configure:11494: g++ -V >&5
g++: error: unrecognized option '-V'
g++: fatal error: no input files
compilation terminated.
configure:11505: $? = 4
configure:11494: g++ -qversion >&5
g++: error: unrecognized option '-qversion'
g++: fatal error: no input files
compilation terminated.
configure:11505: $? = 4
configure:11509: checking whether we are using the GNU C++ compiler
configure:11528: g++ -c  -std=c++0x conftest.cpp >&5
configure:11528: $? = 0
configure:11537: result: yes
configure:11546: checking whether g++ accepts -g
configure:11566: g++ -c -g -std=c++0x conftest.cpp >&5
configure:11566: $? = 0
configure:11607: result: yes
configure:11648: checking how to run the C++ preprocessor
configure:11675: g++ -E -std=c++0x conftest.cpp
configure:11675: $? = 0
configure:11689: g++ -E -std=c++0x conftest.cpp
conftest.cpp:23:28: fatal error: ac_nonexistent.h: No such file or directory
compilation terminated.
configure:11689: $? = 1
configure: failed program was:
| /* confdefs.h */
| #define PACKAGE_NAME "libgram"
| #define PACKAGE_TARNAME "libgram"
| #define PACKAGE_VERSION "1.0"
| #define PACKAGE_STRING "libgram 1.0"
| #define PACKAGE_BUGREPORT "http://www.jovislab.com/gramd"
| #define PACKAGE_URL ""
| #define STDC_HEADERS 1
| #define HAVE_SYS_TYPES_H 1
| #define HAVE_SYS_STAT_H 1
| #define HAVE_STDLIB_H 1
| #define HAVE_STRING_H 1
| #define HAVE_MEMORY_H 1
| #define HAVE_STRINGS_H 1
| #define HAVE_INTTYPES_H 1
| #define HAVE_STDINT_H 1
| #define HAVE_UNISTD_H 1
| #define HAVE_DLFCN_H 1
| #define LT_OBJDIR ".libs/"
| #define PACKAGE "libgram"
| #define VERSION "1.0"
| /* end confdefs.h.  */
| #include <ac_nonexistent.h>
configure:11714: result: g++ -E
configure:11734: g++ -E -std=c++0x conftest.cpp
configure:11734: $? = 0
configure:11748: g++ -E -std=c++0x conftest.cpp
conftest.cpp:23:28: fatal error: ac_nonexistent.h: No such file or directory
compilation terminated.
configure:11748: $? = 1
configure: failed program was:
| /* confdefs.h */
| #define PACKAGE_NAME "libgram"
| #define PACKAGE_TARNAME "libgram"
| #define PACKAGE_VERSION "1.0"
| #define PACKAGE_STRING "libgram 1.0"
| #define PACKAGE_BUGREPORT "http://www.jovislab.com/gramd"
| #define PACKAGE_URL ""
| #define STDC_HEADERS 1
| #define HAVE_SYS_TYPES_H 1
| #define HAVE_SYS_STAT_H 1
| #define HAVE_STDLIB_H 1
| #define HAVE_STRING_H 1
| #define HAVE_MEMORY_H 1
| #define HAVE_STRINGS_H 1
| #define HAVE_INTTYPES_H 1
| #define HAVE_STDINT_H 1
| #define HAVE_UNISTD_H 1
| #define HAVE_DLFCN_H 1
| #define LT_OBJDIR ".libs/"
| #define PACKAGE "libgram"
| #define VERSION "1.0"
| /* end confdefs.h.  */
| #include <ac_nonexistent.h>
configure:11918: checking for ld used by g++
configure:11985: result: /usr/bin/ld
configure:11992: checking if the linker (/usr/bin/ld) is GNU ld
configure:12007: result: yes
configure:12062: checking whether the g++ linker (/usr/bin/ld) supports shared libraries
configure:13066: result: yes
configure:13101: g++ -c -g -O2 -std=c++0x conftest.cpp >&5
configure:13104: $? = 0
configure:13624: checking for g++ option to produce PIC
configure:13631: result: -fPIC -DPIC
configure:13639: checking if g++ PIC flag -fPIC -DPIC works
configure:13657: g++ -c -g -O2 -std=c++0x -fPIC -DPIC -DPIC conftest.cpp >&5
configure:13661: $? = 0
configure:13674: result: yes
configure:13697: checking if g++ static flag -static works
configure:13725: result: no
configure:13737: checking if g++ supports -c -o file.o
configure:13758: g++ -c -g -O2 -std=c++0x -o out/conftest2.o conftest.cpp >&5
configure:13762: $? = 0
configure:13784: result: yes
configure:13789: checking if g++ supports -c -o file.o
configure:13836: result: yes
configure:13866: checking whether the g++ linker (/usr/bin/ld) supports shared libraries
configure:13900: result: yes
configure:14043: checking dynamic linker characteristics
configure:14717: result: GNU/Linux ld.so
configure:14770: checking how to hardcode library paths into programs
configure:14795: result: immediate
configure:14837: checking dependency style of g++
configure:14947: result: none
configure:14970: checking tr1/unordered_map usability
configure:14970: g++ -c -g -O2 -std=c++0x conftest.cpp >&5
configure:14970: $? = 0
configure:14970: result: yes
configure:14970: checking tr1/unordered_map presence
configure:14970: g++ -E -std=c++0x conftest.cpp
configure:14970: $? = 0
configure:14970: result: yes
configure:14970: checking for tr1/unordered_map
configure:14970: result: yes
configure:14978: checking unordered_map usability
configure:14978: g++ -c -g -O2 -std=c++0x conftest.cpp >&5
configure:14978: $? = 0
configure:14978: result: yes
configure:14978: checking unordered_map presence
configure:14978: g++ -E -std=c++0x conftest.cpp
configure:14978: $? = 0
configure:14978: result: yes
configure:14978: checking for unordered_map
configure:14978: result: yes
configure:15165: creating ./config.status

## ---------------------- ##
## Running config.status. ##
## ---------------------- ##

This file was extended by libgram config.status 1.0, which was
generated by GNU Autoconf 2.68.  Invocation command line was

  CONFIG_FILES    = 
  CONFIG_HEADERS  = 
  CONFIG_LINKS    = 
  CONFIG_COMMANDS = 
  $ ./config.status 

on fedora16

config.status:1079: creating Makefile
config.status:1079: creating src/Makefile
config.status:1251: executing libtool commands
config.status:1251: executing depfiles commands

## ---------------- ##
## Cache variables. ##
## ---------------- ##

ac_cv_build=i686-pc-linux-gnu
ac_cv_c_compiler_gnu=yes
ac_cv_cxx_compiler_gnu=yes
ac_cv_env_CCC_set=
ac_cv_env_CCC_value=
ac_cv_env_CC_set=
ac_cv_env_CC_value=
ac_cv_env_CFLAGS_set=
ac_cv_env_CFLAGS_value=
ac_cv_env_CPPFLAGS_set=set
ac_cv_env_CPPFLAGS_value=-std=c++0x
ac_cv_env_CPP_set=
ac_cv_env_CPP_value=
ac_cv_env_CXXCPP_set=
ac_cv_env_CXXCPP_value=
ac_cv_env_CXXFLAGS_set=
ac_cv_env_CXXFLAGS_value=
ac_cv_env_CXX_set=
ac_cv_env_CXX_value=
ac_cv_env_LDFLAGS_set=
ac_cv_env_LDFLAGS_value=
ac_cv_env_LIBS_set=
ac_cv_env_LIBS_value=
ac_cv_env_build_alias_set=
ac_cv_env_build_alias_value=
ac_cv_env_host_alias_set=
ac_cv_env_host_alias_value=
ac_cv_env_target_alias_set=
ac_cv_env_target_alias_value=
ac_cv_header_dlfcn_h=yes
ac_cv_header_inttypes_h=yes
ac_cv_header_memory_h=yes
ac_cv_header_stdc=yes
ac_cv_header_stdint_h=yes
ac_cv_header_stdlib_h=yes
ac_cv_header_string_h=yes
ac_cv_header_strings_h=yes
ac_cv_header_sys_stat_h=yes
ac_cv_header_sys_types_h=yes
ac_cv_header_tr1_unordered_map=yes
ac_cv_header_unistd_h=yes
ac_cv_header_unordered_map=yes
ac_cv_host=i686-pc-linux-gnu
ac_cv_objext=o
ac_cv_path_EGREP='/bin/grep -E'
ac_cv_path_FGREP='/bin/grep -F'
ac_cv_path_GREP=/bin/grep
ac_cv_path_SED=/bin/sed
ac_cv_path_install='/usr/bin/install -c'
ac_cv_path_mkdir=/bin/mkdir
ac_cv_prog_AWK=gawk
ac_cv_prog_CPP='gcc -E'
ac_cv_prog_CXXCPP='g++ -E'
ac_cv_prog_ac_ct_AR=ar
ac_cv_prog_ac_ct_CC=gcc
ac_cv_prog_ac_ct_CXX=g++
ac_cv_prog_ac_ct_OBJDUMP=objdump
ac_cv_prog_ac_ct_RANLIB=ranlib
ac_cv_prog_ac_ct_STRIP=strip
ac_cv_prog_cc_c89=
ac_cv_prog_cc_g=yes
ac_cv_prog_cxx_g=yes
ac_cv_prog_make_make_set=yes
ac_cv_target=i686-pc-linux-gnu
am_cv_CC_dependencies_compiler_type=none
am_cv_CXX_dependencies_compiler_type=none
lt_cv_ar_at_file=@
lt_cv_archive_cmds_need_lc=no
lt_cv_deplibs_check_method=pass_all
lt_cv_file_magic_cmd='$MAGIC_CMD'
lt_cv_file_magic_test_file=
lt_cv_ld_reload_flag=-r
lt_cv_nm_interface='BSD nm'
lt_cv_objdir=.libs
lt_cv_path_LD=/usr/bin/ld
lt_cv_path_LDCXX=/usr/bin/ld
lt_cv_path_NM='/usr/bin/nm -B'
lt_cv_path_mainfest_tool=no
lt_cv_prog_compiler_c_o=yes
lt_cv_prog_compiler_c_o_CXX=yes
lt_cv_prog_compiler_pic='-fPIC -DPIC'
lt_cv_prog_compiler_pic_CXX='-fPIC -DPIC'
lt_cv_prog_compiler_pic_works=yes
lt_cv_prog_compiler_pic_works_CXX=yes
lt_cv_prog_compiler_rtti_exceptions=no
lt_cv_prog_compiler_static_works=no
lt_cv_prog_compiler_static_works_CXX=no
lt_cv_prog_gnu_ld=yes
lt_cv_prog_gnu_ldcxx=yes
lt_cv_sharedlib_from_linklib_cmd='printf %s\n'
lt_cv_shlibpath_overrides_runpath=no
lt_cv_sys_global_symbol_pipe='sed -n -e '\''s/^.*[	 ]\([ABCDGIRSTW][ABCDGIRSTW]*\)[	 ][	 ]*\([_A-Za-z][_A-Za-z0-9]*\)$/\1 \2 \2/p'\'' | sed '\''/ __gnu_lto/d'\'''
lt_cv_sys_global_symbol_to_c_name_address='sed -n -e '\''s/^: \([^ ]*\)[ ]*$/  {\"\1\", (void *) 0},/p'\'' -e '\''s/^[ABCDGIRSTW]* \([^ ]*\) \([^ ]*\)$/  {"\2", (void *) \&\2},/p'\'''
lt_cv_sys_global_symbol_to_c_name_address_lib_prefix='sed -n -e '\''s/^: \([^ ]*\)[ ]*$/  {\"\1\", (void *) 0},/p'\'' -e '\''s/^[ABCDGIRSTW]* \([^ ]*\) \(lib[^ ]*\)$/  {"\2", (void *) \&\2},/p'\'' -e '\''s/^[ABCDGIRSTW]* \([^ ]*\) \([^ ]*\)$/  {"lib\2", (void *) \&\2},/p'\'''
lt_cv_sys_global_symbol_to_cdecl='sed -n -e '\''s/^T .* \(.*\)$/extern int \1();/p'\'' -e '\''s/^[ABCDGIRSTW]* .* \(.*\)$/extern char \1;/p'\'''
lt_cv_sys_max_cmd_len=1572864
lt_cv_to_host_file_cmd=func_convert_file_noop
lt_cv_to_tool_file_cmd=func_convert_file_noop

## ----------------- ##
## Output variables. ##
## ----------------- ##

ACLOCAL='${SHELL} /home/fedora/workspace/libgram/missing --run aclocal-1.11'
AMDEPBACKSLASH='\'
AMDEP_FALSE='#'
AMDEP_TRUE=''
AMTAR='${SHELL} /home/fedora/workspace/libgram/missing --run tar'
AR='ar'
AUTOCONF='${SHELL} /home/fedora/workspace/libgram/missing --run autoconf'
AUTOHEADER='${SHELL} /home/fedora/workspace/libgram/missing --run autoheader'
AUTOMAKE='${SHELL} /home/fedora/workspace/libgram/missing --run automake-1.11'
AWK='gawk'
CC='gcc'
CCDEPMODE='depmode=none'
CFLAGS='-g -O2'
CPP='gcc -E'
CPPFLAGS='-std=c++0x'
CXX='g++'
CXXCPP='g++ -E'
CXXDEPMODE='depmode=none'
CXXFLAGS='-g -O2'
CYGPATH_W='echo'
DEFS='-DPACKAGE_NAME=\"libgram\" -DPACKAGE_TARNAME=\"libgram\" -DPACKAGE_VERSION=\"1.0\" -DPACKAGE_STRING=\"libgram\ 1.0\" -DPACKAGE_BUGREPORT=\"http://www.jovislab.com/gramd\" -DPACKAGE_URL=\"\" -DSTDC_HEADERS=1 -DHAVE_SYS_TYPES_H=1 -DHAVE_SYS_STAT_H=1 -DHAVE_STDLIB_H=1 -DHAVE_STRING_H=1 -DHAVE_MEMORY_H=1 -DHAVE_STRINGS_H=1 -DHAVE_INTTYPES_H=1 -DHAVE_STDINT_H=1 -DHAVE_UNISTD_H=1 -DHAVE_DLFCN_H=1 -DLT_OBJDIR=\".libs/\" -DPACKAGE=\"libgram\" -DVERSION=\"1.0\" -DLIBGRAM_HAVE_TR1=/\*\*/ -DLIBGRAM_HAVE_CXX0X=/\*\*/'
DEPDIR='.deps'
DLLTOOL='false'
DSYMUTIL=''
DUMPBIN=''
ECHO_C=''
ECHO_N='-n'
ECHO_T=''
EGREP='/bin/grep -E'
EXEEXT=''
FGREP='/bin/grep -F'
GREP='/bin/grep'
INSTALL_DATA='${INSTALL} -m 644'
INSTALL_PROGRAM='${INSTALL}'
INSTALL_SCRIPT='${INSTALL}'
INSTALL_STRIP_PROGRAM='$(install_sh) -c -s'
LD='/usr/bin/ld'
LDFLAGS=''
LIBOBJS=''
LIBS=''
LIBTOOL='$(SHELL) $(top_builddir)/libtool'
LIPO=''
LN_S='ln -s'
LTLIBOBJS=''
MAKEINFO='${SHELL} /home/fedora/workspace/libgram/missing --run makeinfo'
MANIFEST_TOOL=':'
MKDIR_P='/bin/mkdir -p'
NM='/usr/bin/nm -B'
NMEDIT=''
OBJDUMP='objdump'
OBJEXT='o'
OTOOL64=''
OTOOL=''
PACKAGE='libgram'
PACKAGE_BUGREPORT='http://www.jovislab.com/gramd'
PACKAGE_NAME='libgram'
PACKAGE_STRING='libgram 1.0'
PACKAGE_TARNAME='libgram'
PACKAGE_URL=''
PACKAGE_VERSION='1.0'
PATH_SEPARATOR=':'
RANLIB='ranlib'
SED='/bin/sed'
SET_MAKE=''
SHELL='/bin/sh'
STRIP='strip'
VERSION='1.0'
ac_ct_AR='ar'
ac_ct_CC='gcc'
ac_ct_CXX='g++'
ac_ct_DUMPBIN=''
am__EXEEXT_FALSE=''
am__EXEEXT_TRUE='#'
am__fastdepCC_FALSE=''
am__fastdepCC_TRUE='#'
am__fastdepCXX_FALSE=''
am__fastdepCXX_TRUE='#'
am__include='include'
am__isrc=''
am__leading_dot='.'
am__quote=''
am__tar='${AMTAR} chof - "$$tardir"'
am__untar='${AMTAR} xf -'
bindir='${exec_prefix}/bin'
build='i686-pc-linux-gnu'
build_alias=''
build_cpu='i686'
build_os='linux-gnu'
build_vendor='pc'
datadir='${datarootdir}'
datarootdir='${prefix}/share'
docdir='${datarootdir}/doc/${PACKAGE_TARNAME}'
dvidir='${docdir}'
exec_prefix='${prefix}'
host='i686-pc-linux-gnu'
host_alias=''
host_cpu='i686'
host_os='linux-gnu'
host_vendor='pc'
htmldir='${docdir}'
includedir='${prefix}/include'
infodir='${datarootdir}/info'
install_sh='${SHELL} /home/fedora/workspace/libgram/install-sh'
libdir='${exec_prefix}/lib'
libexecdir='${exec_prefix}/libexec'
localedir='${datarootdir}/locale'
localstatedir='${prefix}/var'
mandir='${datarootdir}/man'
mkdir_p='/bin/mkdir -p'
oldincludedir='/usr/include'
pdfdir='${docdir}'
prefix='/usr'
program_transform_name='s,x,x,'
psdir='${docdir}'
sbindir='${exec_prefix}/sbin'
sharedstatedir='${prefix}/com'
sysconfdir='${prefix}/etc'
target='i686-pc-linux-gnu'
target_alias=''
target_cpu='i686'
target_os='linux-gnu'
target_vendor='pc'

## ----------- ##
## confdefs.h. ##
## ----------- ##

/* confdefs.h */
#define PACKAGE_NAME "libgram"
#define PACKAGE_TARNAME "libgram"
#define PACKAGE_VERSION "1.0"
#define PACKAGE_STRING "libgram 1.0"
#define PACKAGE_BUGREPORT "http://www.jovislab.com/gramd"
#define PACKAGE_URL ""
#define STDC_HEADERS 1
#define HAVE_SYS_TYPES_H 1
#define HAVE_SYS_STAT_H 1
#define HAVE_STDLIB_H 1
#define HAVE_STRING_H 1
#define HAVE_MEMORY_H 1
#define HAVE_STRINGS_H 1
#define HAVE_INTTYPES_H 1
#define HAVE_STDINT_H 1
#define HAVE_UNISTD_H 1
#define HAVE_DLFCN_H 1
#define LT_OBJDIR ".libs/"
#define PACKAGE "libgram"
#define VERSION "1.0"
#define LIBGRAM_HAVE_TR1 /**/
#define LIBGRAM_HAVE_CXX0X /**/

configure: exit 0
